2018-05-10 19:10:14.407 NOTICE Found user with name admin, password matched - login is accepted
2018-05-10 19:10:14.575 INFO   Reads from report_unit table from Thu May 03 00:00:00 CEST 2018 to Thu May 10 19:10:00 CEST 2018
2018-05-10 19:10:14.577 INFO   Have read 0 rows, last tms was Thu May 03 00:00:00 CEST 2018, report is now 0 entries
2018-05-10 19:10:14.578 INFO   Will aggregate report with 0 records on keyNames
2018-05-10 19:10:14.578 INFO   Have aggregated report into 0 records
2018-05-10 19:10:33.115 NOTICE Inserted profile ddddd
2018-05-10 19:10:47.270 NOTICE Added unit ddd
2018-05-10 19:11:10.701 INFO   VoipReport: Will generate from syslog (unitId: ddd, Wed May 09 19:11:00 CEST 2018 - Thu May 10 20:11:00 CEST 2018)
2018-05-10 19:11:10.704 INFO   VoipReport: Have read 0 rows from syslog, report is now 0 entries
2018-05-10 19:11:10.706 INFO   HardwareReport: Will generate from syslog (unitId: ddd, Wed May 09 19:11:00 CEST 2018 - Thu May 10 20:11:00 CEST 2018)
2018-05-10 19:11:10.707 INFO   HardwareReport: Have read 0 rows from syslog, report is now 0 entries
2018-05-10 19:12:26.370 NOTICE Found user with name admin, password matched - login is accepted
2018-05-10 19:12:26.659 INFO   VoipReport: Will generate from syslog (unitId: ddd, Wed May 09 19:12:00 CEST 2018 - Thu May 10 20:12:00 CEST 2018)
2018-05-10 19:12:26.664 INFO   VoipReport: Have read 0 rows from syslog, report is now 0 entries
2018-05-10 19:12:26.666 INFO   HardwareReport: Will generate from syslog (unitId: ddd, Wed May 09 19:12:00 CEST 2018 - Thu May 10 20:12:00 CEST 2018)
2018-05-10 19:12:26.668 INFO   HardwareReport: Have read 0 rows from syslog, report is now 0 entries
2018-05-10 19:18:08.648 NOTICE Found user with name admin, password matched - login is accepted
2018-05-10 19:18:13.801 INFO   VoipReport: Will generate from syslog (unitId: ddd, Wed May 09 19:18:00 CEST 2018 - Thu May 10 20:18:00 CEST 2018)
2018-05-10 19:18:13.814 INFO   VoipReport: Have read 0 rows from syslog, report is now 0 entries
2018-05-10 19:18:13.818 INFO   HardwareReport: Will generate from syslog (unitId: ddd, Wed May 09 19:18:00 CEST 2018 - Thu May 10 20:18:00 CEST 2018)
2018-05-10 19:18:13.827 INFO   HardwareReport: Have read 0 rows from syslog, report is now 0 entries
